Invalid MIT-MAGIC-COOKIE-1 keyNEURON -- VERSION 7.8.1-1-gda13bb7c HEAD (da13bb7c) 2020-07-22
Duke, Yale, and the BlueBrain Project -- Copyright 1984-2019
See http://neuron.yale.edu/neuron/credits

Additional mechanisms from files
 mod//ar_traub.mod mod//cadad.mod mod//CaDynamics_E2.mod mod//cadyn.mod mod//cagk.mod mod//Ca_HVA.mod mod//cal_mh.mod mod//cal_mig.mod mod//Ca_LVAst.mod mod//Ca.mod mod//cancr.mod mod//canin.mod mod//can_mig.mod mod//catcb.mod mod//cat_mig.mod mod//cat_traub.mod mod//ch_CavL.mod mod//ch_CavN.mod mod//ch_KCaS.mod mod//ch_Kdrfastngf.mod mod//ch_KvAngf.mod mod//ch_KvCaB.mod mod//ch_leak.mod mod//ch_Navngf.mod mod//gabab.mod mod//h_BS.mod mod//HCN1.mod mod//h_harnett.mod mod//hin.mod mod//h_kole.mod mod//h_migliore.mod mod//ican_sidi.mod mod//iccr.mod mod//IC.mod mod//iconc_Ca.mod mod//Ih.mod mod//ikscr.mod mod//IKsin.mod mod//Im.mod mod//kap_BS.mod mod//kapcb.mod mod//kapin.mod mod//kBK.mod mod//kca.mod mod//kctin.mod mod//kdmc_BS.mod mod//kdr_BS.mod mod//kdrcr.mod mod//kdrin.mod mod//KdShu2007.mod mod//km.mod mod//K_Pst.mod mod//K_Tst.mod mod//kv.mod mod//MyExp2SynBB.mod mod//my_exp2syn.mod mod//MyExp2SynNMDABB.mod mod//nafcr.mod mod//nafx.mod mod//Nap_Et2.mod mod//nap_sidi.mod mod//NaTa_t.mod mod//NaTs2_t.mod mod//nax_BS.mod mod//naz.mod mod//Nca.mod mod//ProbAMPANMDA_EMS.mod mod//ProbGABAAB_EMS.mod mod//savedist.mod mod//SK_E2.mod mod//SKv3_1.mod mod//StochKv_deterministic.mod mod//StochKv_det.mod mod//StochKv.mod mod//vecstim.mod
Notice: compartCell_L1_DLAC_HH_full_14.dend_0(0) had previously been connected to parent compartCell_L1_DLAC_HH_full_14.soma(0.5)
Notice: compartCell_L1_DLAC_HH_full_14.dend_1(0) had previously been connected to parent compartCell_L1_DLAC_HH_full_14.dend_0(1)
Notice: compartCell_L1_DLAC_HH_full_14.dend_2(0) had previously been connected to parent compartCell_L1_DLAC_HH_full_14.dend_0(1)
Notice: compartCell_L1_DLAC_HH_full_14.dend_3(0) had previously been connected to parent compartCell_L1_DLAC_HH_full_14.soma(0.5)
Notice: compartCell_L1_DLAC_HH_full_14.dend_4(0) had previously been connected to parent compartCell_L1_DLAC_HH_full_14.dend_3(1)
Notice: compartCell_L1_DLAC_HH_full_14.dend_5(0) had previously been connected to parent compartCell_L1_DLAC_HH_full_14.dend_4(1)
Notice: compartCell_L1_DLAC_HH_full_14.dend_6(0) had previously been connected to parent compartCell_L1_DLAC_HH_full_14.dend_5(1)
Notice: compartCell_L1_DLAC_HH_full_14.dend_7(0) had previously been connected to parent compartCell_L1_DLAC_HH_full_14.dend_5(1)
Notice: compartCell_L1_DLAC_HH_full_14.dend_8(0) had previously been connected to parent compartCell_L1_DLAC_HH_full_14.dend_7(1)
Notice: compartCell_L1_DLAC_HH_full_14.dend_9(0) had previously been connected to parent compartCell_L1_DLAC_HH_full_14.dend_7(1)
Notice: compartCell_L1_DLAC_HH_full_14.dend_10(0) had previously been connected to parent compartCell_L1_DLAC_HH_full_14.dend_9(1)
Notice: compartCell_L1_DLAC_HH_full_14.dend_11(0) had previously been connected to parent compartCell_L1_DLAC_HH_full_14.dend_9(1)
Notice: compartCell_L1_DLAC_HH_full_14.dend_12(0) had previously been connected to parent compartCell_L1_DLAC_HH_full_14.dend_4(1)
Notice: compartCell_L1_DLAC_HH_full_14.dend_13(0) had previously been connected to parent compartCell_L1_DLAC_HH_full_14.dend_3(1)
Notice: compartCell_L1_DLAC_HH_full_14.dend_14(0) had previously been connected to parent compartCell_L1_DLAC_HH_full_14.soma(0.5)
Notice: compartCell_L1_DLAC_HH_full_14.dend_15(0) had previously been connected to parent compartCell_L1_DLAC_HH_full_14.dend_14(1)
Notice: compartCell_L1_DLAC_HH_full_14.dend_16(0) had previously been connected to parent compartCell_L1_DLAC_HH_full_14.dend_14(1)
Notice: compartCell_L1_DLAC_HH_full_14.dend_17(0) had previously been connected to parent compartCell_L1_DLAC_HH_full_14.dend_16(1)
Notice: compartCell_L1_DLAC_HH_full_14.dend_18(0) had previously been connected to parent compartCell_L1_DLAC_HH_full_14.dend_17(1)
Notice: compartCell_L1_DLAC_HH_full_14.dend_19(0) had previously been connected to parent compartCell_L1_DLAC_HH_full_14.dend_17(1)
Notice: compartCell_L1_DLAC_HH_full_14.dend_20(0) had previously been connected to parent compartCell_L1_DLAC_HH_full_14.dend_16(1)
Notice: compartCell_L1_DLAC_HH_full_14.dend_21(0) had previously been connected to parent compartCell_L1_DLAC_HH_full_14.dend_20(1)
Notice: compartCell_L1_DLAC_HH_full_14.dend_22(0) had previously been connected to parent compartCell_L1_DLAC_HH_full_14.dend_20(1)
Notice: compartCell_L1_DLAC_HH_full_14.dend_23(0) had previously been connected to parent compartCell_L1_DLAC_HH_full_14.soma(0.5)
Notice: compartCell_L1_DLAC_HH_full_14.dend_24(0) had previously been connected to parent compartCell_L1_DLAC_HH_full_14.dend_23(1)
Notice: compartCell_L1_DLAC_HH_full_14.dend_25(0) had previously been connected to parent compartCell_L1_DLAC_HH_full_14.dend_23(1)
Notice: compartCell_L1_DLAC_HH_full_14.dend_26(0) had previously been connected to parent compartCell_L1_DLAC_HH_full_14.dend_25(1)
Notice: compartCell_L1_DLAC_HH_full_14.dend_27(0) had previously been connected to parent compartCell_L1_DLAC_HH_full_14.dend_25(1)
Notice: compartCell_L1_DLAC_HH_full_14.dend_28(0) had previously been connected to parent compartCell_L1_DLAC_HH_full_14.dend_27(1)
Notice: compartCell_L1_DLAC_HH_full_14.dend_29(0) had previously been connected to parent compartCell_L1_DLAC_HH_full_14.dend_27(1)
Notice: compartCell_L1_DLAC_HH_full_14.dend_30(0) had previously been connected to parent compartCell_L1_DLAC_HH_full_14.soma(0.5)
Notice: compartCell_L1_DLAC_HH_full_14.dend_31(0) had previously been connected to parent compartCell_L1_DLAC_HH_full_14.dend_30(1)
Notice: compartCell_L1_DLAC_HH_full_14.dend_32(0) had previously been connected to parent compartCell_L1_DLAC_HH_full_14.dend_31(1)
Notice: compartCell_L1_DLAC_HH_full_14.dend_33(0) had previously been connected to parent compartCell_L1_DLAC_HH_full_14.dend_32(1)
Notice: compartCell_L1_DLAC_HH_full_14.dend_34(0) had previously been connected to parent compartCell_L1_DLAC_HH_full_14.dend_33(1)
Notice: compartCell_L1_DLAC_HH_full_14.dend_35(0) had previously been connected to parent compartCell_L1_DLAC_HH_full_14.dend_33(1)
Notice: compartCell_L1_DLAC_HH_full_14.axon_0(0) had previously been connected to parent compartCell_L1_DLAC_HH_full_14.soma(1)
Notice: compartCell_L1_DLAC_HH_full_14.axon_1(0) had previously been connected to parent compartCell_L1_DLAC_HH_full_14.axon_0(1)
Notice: compartCell_L1_DLAC_HH_full_16.dend_0(0) had previously been connected to parent compartCell_L1_DLAC_HH_full_16.soma(0.5)
Notice: compartCell_L1_DLAC_HH_full_16.dend_1(0) had previously been connected to parent compartCell_L1_DLAC_HH_full_16.dend_0(1)
Notice: compartCell_L1_DLAC_HH_full_16.dend_2(0) had previously been connected to parent compartCell_L1_DLAC_HH_full_16.dend_1(1)
Notice: compartCell_L1_DLAC_HH_full_16.dend_3(0) had previously been connected to parent compartCell_L1_DLAC_HH_full_16.dend_1(1)
Notice: compartCell_L1_DLAC_HH_full_16.dend_4(0) had previously been connected to parent compartCell_L1_DLAC_HH_full_16.dend_3(1)
Notice: compartCell_L1_DLAC_HH_full_13.dend_0(0) had previously been connected to parent compartCell_L1_DLAC_HH_full_13.soma(0.5)
Notice: compartCell_L1_DLAC_HH_full_13.dend_1(0) had previously been connected to parent compartCell_L1_DLAC_HH_full_13.dend_0(1)
Notice: compartCell_L1_DLAC_HH_full_13.dend_2(0) had previously been connected to parent compartCell_L1_DLAC_HH_full_13.dend_1(1)
Notice: compartCell_L1_DLAC_HH_full_13.dend_3(0) had previously been connected to parent compartCell_L1_DLAC_HH_full_13.dend_2(1)
Notice: compartCell_L1_DLAC_HH_full_13.dend_4(0) had previously been connected to parent compartCell_L1_DLAC_HH_full_13.dend_3(1)
Notice: compartCell_L1_DLAC_HH_full_13.dend_5(0) had previously been connected to parent compartCell_L1_DLAC_HH_full_13.dend_4(1)
Notice: compartCell_L1_DLAC_HH_full_13.dend_6(0) had previously been connected to parent compartCell_L1_DLAC_HH_full_13.dend_4(1)
Notice: compartCell_L1_DLAC_HH_full_13.dend_7(0) had previously been connected to parent compartCell_L1_DLAC_HH_full_13.dend_3(1)
Notice: compartCell_L1_DLAC_HH_full_13.dend_8(0) had previously been connected to parent compartCell_L1_DLAC_HH_full_13.dend_2(1)
Notice: compartCell_L1_DLAC_HH_full_13.dend_9(0) had previously been connected to parent compartCell_L1_DLAC_HH_full_13.dend_8(1)
Notice: compartCell_L1_DLAC_HH_full_13.dend_10(0) had previously been connected to parent compartCell_L1_DLAC_HH_full_13.dend_8(1)
Notice: compartCell_L1_DLAC_HH_full_13.dend_11(0) had previously been connected to parent compartCell_L1_DLAC_HH_full_13.dend_1(1)
Notice: compartCell_L1_DLAC_HH_full_13.dend_12(0) had previously been connected to parent compartCell_L1_DLAC_HH_full_13.dend_11(1)
Notice: compartCell_L1_DLAC_HH_full_13.dend_13(0) had previously been connected to parent compartCell_L1_DLAC_HH_full_13.dend_11(1)
Notice: compartCell_L1_DLAC_HH_full_13.dend_14(0) had previously been connected to parent compartCell_L1_DLAC_HH_full_13.dend_13(1)
Notice: compartCell_L1_DLAC_HH_full_13.dend_15(0) had previously been connected to parent compartCell_L1_DLAC_HH_full_13.dend_13(1)
Notice: compartCell_L1_DLAC_HH_full_13.dend_16(0) had previously been connected to parent compartCell_L1_DLAC_HH_full_13.dend_0(1)
Notice: compartCell_L1_DLAC_HH_full_13.dend_17(0) had previously been connected to parent compartCell_L1_DLAC_HH_full_13.soma(0.5)
Notice: compartCell_L1_DLAC_HH_full_13.dend_18(0) had previously been connected to parent compartCell_L1_DLAC_HH_full_13.dend_17(1)
Notice: compartCell_L1_DLAC_HH_full_13.dend_19(0) had previously been connected to parent compartCell_L1_DLAC_HH_full_13.dend_17(1)
Notice: compartCell_L1_DLAC_HH_full_13.dend_20(0) had previously been connected to parent compartCell_L1_DLAC_HH_full_13.soma(0.5)
Notice: compartCell_L1_DLAC_HH_full_13.dend_21(0) had previously been connected to parent compartCell_L1_DLAC_HH_full_13.dend_20(1)
Notice: compartCell_L1_DLAC_HH_full_13.dend_22(0) had previously been connected to parent compartCell_L1_DLAC_HH_full_13.dend_20(1)
Notice: compartCell_L1_DLAC_HH_full_13.dend_23(0) had previously been connected to parent compartCell_L1_DLAC_HH_full_13.soma(0.5)
Notice: compartCell_L1_DLAC_HH_full_13.dend_24(0) had previously been connected to parent compartCell_L1_DLAC_HH_full_13.dend_23(1)
Notice: compartCell_L1_DLAC_HH_full_13.dend_25(0) had previously been connected to parent compartCell_L1_DLAC_HH_full_13.dend_24(1)
Notice: compartCell_L1_DLAC_HH_full_13.dend_26(0) had previously been connected to parent compartCell_L1_DLAC_HH_full_13.dend_24(1)
Notice: compartCell_L1_DLAC_HH_full_13.dend_27(0) had previously been connected to parent compartCell_L1_DLAC_HH_full_13.dend_26(1)
Notice: compartCell_L1_DLAC_HH_full_13.dend_28(0) had previously been connected to parent compartCell_L1_DLAC_HH_full_13.dend_26(1)
Notice: compartCell_L1_DLAC_HH_full_13.dend_29(0) had previously been connected to parent compartCell_L1_DLAC_HH_full_13.dend_23(1)
Notice: compartCell_L1_DLAC_HH_full_13.dend_30(0) had previously been connected to parent compartCell_L1_DLAC_HH_full_13.dend_29(1)
Notice: compartCell_L1_DLAC_HH_full_13.dend_31(0) had previously been connected to parent compartCell_L1_DLAC_HH_full_13.dend_29(1)
Notice: compartCell_L1_DLAC_HH_full_13.dend_32(0) had previously been connected to parent compartCell_L1_DLAC_HH_full_13.dend_31(1)
Notice: compartCell_L1_DLAC_HH_full_13.dend_33(0) had previously been connected to parent compartCell_L1_DLAC_HH_full_13.dend_32(1)
Notice: compartCell_L1_DLAC_HH_full_13.dend_34(0) had previously been connected to parent compartCell_L1_DLAC_HH_full_13.dend_32(1)
Notice: compartCell_L1_DLAC_HH_full_13.dend_35(0) had previously been connected to parent compartCell_L1_DLAC_HH_full_13.dend_31(1)
Notice: compartCell_L1_DLAC_HH_full_13.dend_36(0) had previously been connected to parent compartCell_L1_DLAC_HH_full_13.soma(0.5)
Notice: compartCell_L1_DLAC_HH_full_13.dend_37(0) had previously been connected to parent compartCell_L1_DLAC_HH_full_13.dend_36(1)
Notice: compartCell_L1_DLAC_HH_full_13.dend_38(0) had previously been connected to parent compartCell_L1_DLAC_HH_full_13.dend_37(1)
Notice: compartCell_L1_DLAC_HH_full_13.dend_39(0) had previously been connected to parent compartCell_L1_DLAC_HH_full_13.dend_37(1)
Notice: compartCell_L1_DLAC_HH_full_13.dend_40(0) had previously been connected to parent compartCell_L1_DLAC_HH_full_13.dend_36(1)
Notice: compartCell_L1_DLAC_HH_full_13.dend_41(0) had previously been connected to parent compartCell_L1_DLAC_HH_full_13.dend_40(1)
Notice: compartCell_L1_DLAC_HH_full_13.dend_42(0) had previously been connected to parent compartCell_L1_DLAC_HH_full_13.dend_40(1)
Notice: compartCell_L1_DLAC_HH_full_13.dend_43(0) had previously been connected to parent compartCell_L1_DLAC_HH_full_13.dend_42(1)
Notice: compartCell_L1_DLAC_HH_full_13.dend_44(0) had previously been connected to parent compartCell_L1_DLAC_HH_full_13.dend_42(1)
Notice: compartCell_L1_DLAC_HH_full_13.dend_45(0) had previously been connected to parent compartCell_L1_DLAC_HH_full_13.dend_44(1)
Notice: compartCell_L1_DLAC_HH_full_13.dend_46(0) had previously been connected to parent compartCell_L1_DLAC_HH_full_13.dend_44(1)
Notice: compartCell_L1_DLAC_HH_full_13.dend_47(0) had previously been connected to parent compartCell_L1_DLAC_HH_full_13.soma(0.5)
Notice: compartCell_L1_DLAC_HH_full_13.dend_48(0) had previously been connected to parent compartCell_L1_DLAC_HH_full_13.dend_47(1)
Notice: compartCell_L1_DLAC_HH_full_13.dend_49(0) had previously been connected to parent compartCell_L1_DLAC_HH_full_13.dend_48(1)
Notice: compartCell_L1_DLAC_HH_full_13.dend_50(0) had previously been connected to parent compartCell_L1_DLAC_HH_full_13.dend_48(1)
Notice: compartCell_L1_DLAC_HH_full_13.dend_51(0) had previously been connected to parent compartCell_L1_DLAC_HH_full_13.dend_47(1)
Notice: compartCell_L1_DLAC_HH_full_16.dend_5(0) had previously been connected to parent compartCell_L1_DLAC_HH_full_16.dend_3(1)
Notice: compartCell_L1_DLAC_HH_full_16.dend_6(0) had previously been connected to parent compartCell_L1_DLAC_HH_full_16.dend_0(1)
Notice: compartCell_L1_DLAC_HH_full_13.axon_0(0) had previously been connected to parent compartCell_L1_DLAC_HH_full_13.soma(1)
Notice: compartCell_L1_DLAC_HH_full_13.axon_1(0) had previously been connected to parent compartCell_L1_DLAC_HH_full_13.axon_0(1)
Notice: compartCell_L1_DLAC_HH_full_16.dend_7(0) had previously been connected to parent compartCell_L1_DLAC_HH_full_16.dend_6(1)
Notice: compartCell_L1_DLAC_HH_full_16.dend_8(0) had previously been connected to parent compartCell_L1_DLAC_HH_full_16.dend_7(1)
Notice: compartCell_L1_DLAC_HH_full_16.dend_9(0) had previously been connected to parent compartCell_L1_DLAC_HH_full_16.dend_8(1)
Notice: compartCell_L1_DLAC_HH_full_16.dend_10(0) had previously been connected to parent compartCell_L1_DLAC_HH_full_16.dend_8(1)
Notice: compartCell_L1_DLAC_HH_full_16.dend_11(0) had previously been connected to parent compartCell_L1_DLAC_HH_full_16.dend_7(1)
Notice: compartCell_L1_DLAC_HH_full_16.dend_12(0) had previously been connected to parent compartCell_L1_DLAC_HH_full_16.dend_11(1)
Notice: compartCell_L1_DLAC_HH_full_16.dend_13(0) had previously been connected to parent compartCell_L1_DLAC_HH_full_16.dend_11(1)
Notice: compartCell_L1_DLAC_HH_full_16.dend_14(0) had previously been connected to parent compartCell_L1_DLAC_HH_full_16.dend_6(1)
Notice: compartCell_L1_DLAC_HH_full_16.dend_15(0) had previously been connected to parent compartCell_L1_DLAC_HH_full_16.dend_14(1)
Notice: compartCell_L1_DLAC_HH_full_16.dend_16(0) had previously been connected to parent compartCell_L1_DLAC_HH_full_16.dend_15(1)
Notice: compartCell_L1_DLAC_HH_full_16.dend_17(0) had previously been connected to parent compartCell_L1_DLAC_HH_full_16.dend_15(1)
Notice: compartCell_L1_DLAC_HH_full_16.dend_18(0) had previously been connected to parent compartCell_L1_DLAC_HH_full_16.dend_17(1)
Notice: compartCell_L1_DLAC_HH_full_16.dend_19(0) had previously been connected to parent compartCell_L1_DLAC_HH_full_16.dend_17(1)
Notice: compartCell_L1_DLAC_HH_full_16.dend_20(0) had previously been connected to parent compartCell_L1_DLAC_HH_full_16.dend_19(1)
Notice: compartCell_L1_DLAC_HH_full_16.dend_21(0) had previously been connected to parent compartCell_L1_DLAC_HH_full_16.dend_19(1)
Notice: compartCell_L1_DLAC_HH_full_16.dend_22(0) had previously been connected to parent compartCell_L1_DLAC_HH_full_16.dend_14(1)
Notice: compartCell_L1_DLAC_HH_full_16.dend_23(0) had previously been connected to parent compartCell_L1_DLAC_HH_full_16.dend_22(1)
Notice: compartCell_L1_DLAC_HH_full_16.dend_24(0) had previously been connected to parent compartCell_L1_DLAC_HH_full_16.dend_22(1)
Notice: compartCell_L1_DLAC_HH_full_16.dend_25(0) had previously been connected to parent compartCell_L1_DLAC_HH_full_16.soma(0.5)
Notice: compartCell_L1_DLAC_HH_full_16.dend_26(0) had previously been connected to parent compartCell_L1_DLAC_HH_full_16.dend_25(1)
Notice: compartCell_L1_DLAC_HH_full_16.dend_27(0) had previously been connected to parent compartCell_L1_DLAC_HH_full_16.dend_26(1)
Notice: compartCell_L1_DLAC_HH_full_16.dend_28(0) had previously been connected to parent compartCell_L1_DLAC_HH_full_16.dend_27(1)
Notice: compartCell_L1_DLAC_HH_full_16.dend_29(0) had previously been connected to parent compartCell_L1_DLAC_HH_full_16.dend_28(1)
Notice: compartCell_L1_DLAC_HH_full_16.dend_30(0) had previously been connected to parent compartCell_L1_DLAC_HH_full_16.dend_28(1)
Notice: compartCell_L1_DLAC_HH_full_16.dend_31(0) had previously been connected to parent compartCell_L1_DLAC_HH_full_16.dend_27(1)
Notice: compartCell_L1_DLAC_HH_full_16.dend_32(0) had previously been connected to parent compartCell_L1_DLAC_HH_full_16.dend_26(1)
Notice: compartCell_L1_DLAC_HH_full_16.dend_33(0) had previously been connected to parent compartCell_L1_DLAC_HH_full_16.dend_32(1)
Notice: compartCell_L1_DLAC_HH_full_16.dend_34(0) had previously been connected to parent compartCell_L1_DLAC_HH_full_16.dend_32(1)
Notice: compartCell_L1_DLAC_HH_full_16.dend_35(0) had previously been connected to parent compartCell_L1_DLAC_HH_full_16.dend_34(1)
Notice: compartCell_L1_DLAC_HH_full_16.dend_36(0) had previously been connected to parent compartCell_L1_DLAC_HH_full_16.dend_34(1)
Notice: compartCell_L1_DLAC_HH_full_16.dend_37(0) had previously been connected to parent compartCell_L1_DLAC_HH_full_16.dend_36(1)
Notice: compartCell_L1_DLAC_HH_full_16.dend_38(0) had previously been connected to parent compartCell_L1_DLAC_HH_full_16.dend_36(1)
Notice: compartCell_L1_DLAC_HH_full_16.dend_39(0) had previously been connected to parent compartCell_L1_DLAC_HH_full_16.dend_25(1)
Notice: compartCell_L1_DLAC_HH_full_16.dend_40(0) had previously been connected to parent compartCell_L1_DLAC_HH_full_16.dend_39(1)
Notice: compartCell_L1_DLAC_HH_full_16.dend_41(0) had previously been connected to parent compartCell_L1_DLAC_HH_full_16.dend_39(1)
Notice: compartCell_L1_DLAC_HH_full_16.dend_42(0) had previously been connected to parent compartCell_L1_DLAC_HH_full_16.dend_41(1)
Notice: compartCell_L1_DLAC_HH_full_16.dend_43(0) had previously been connected to parent compartCell_L1_DLAC_HH_full_16.dend_41(1)
Notice: compartCell_L1_DLAC_HH_full_16.dend_44(0) had previously been connected to parent compartCell_L1_DLAC_HH_full_16.soma(0.5)
Notice: compartCell_L1_DLAC_HH_full_16.dend_45(0) had previously been connected to parent compartCell_L1_DLAC_HH_full_16.dend_44(1)
Notice: compartCell_L1_DLAC_HH_full_16.dend_46(0) had previously been connected to parent compartCell_L1_DLAC_HH_full_16.dend_45(1)
Notice: compartCell_L1_DLAC_HH_full_16.dend_47(0) had previously been connected to parent compartCell_L1_DLAC_HH_full_16.dend_46(1)
Notice: compartCell_L1_DLAC_HH_full_16.dend_48(0) had previously been connected to parent compartCell_L1_DLAC_HH_full_16.dend_46(1)
Notice: compartCell_L1_DLAC_HH_full_16.dend_49(0) had previously been connected to parent compartCell_L1_DLAC_HH_full_16.dend_45(1)
Notice: compartCell_L1_DLAC_HH_full_16.dend_50(0) had previously been connected to parent compartCell_L1_DLAC_HH_full_16.dend_49(1)
Notice: compartCell_L1_DLAC_HH_full_16.dend_51(0) had previously been connected to parent compartCell_L1_DLAC_HH_full_16.dend_49(1)
Notice: compartCell_L1_DLAC_HH_full_16.dend_52(0) had previously been connected to parent compartCell_L1_DLAC_HH_full_16.dend_44(1)
Notice: compartCell_L1_DLAC_HH_full_16.dend_53(0) had previously been connected to parent compartCell_L1_DLAC_HH_full_16.dend_52(1)
Notice: compartCell_L1_DLAC_HH_full_16.axon_0(0) had previously been connected to parent compartCell_L1_DLAC_HH_full_16.soma(1)
Notice: compartCell_L1_DLAC_HH_full_16.axon_1(0) had previously been connected to parent compartCell_L1_DLAC_HH_full_16.axon_0(1)
Notice: compartCell_L1_NGC-DA_HH_full_37.dend_0(0) had previously been connected to parent compartCell_L1_NGC-DA_HH_full_37.soma(0.5)
Notice: compartCell_L1_NGC-DA_HH_full_37.dend_1(0) had previously been connected to parent compartCell_L1_NGC-DA_HH_full_37.dend_0(1)
Notice: compartCell_L1_NGC-DA_HH_full_37.dend_2(0) had previously been connected to parent compartCell_L1_NGC-DA_HH_full_37.dend_1(1)
Notice: compartCell_L1_NGC-DA_HH_full_37.dend_3(0) had previously been connected to parent compartCell_L1_NGC-DA_HH_full_37.dend_2(1)
Notice: compartCell_L1_NGC-DA_HH_full_37.dend_4(0) had previously been connected to parent compartCell_L1_NGC-DA_HH_full_37.dend_3(1)
Notice: compartCell_L1_NGC-DA_HH_full_37.dend_5(0) had previously been connected to parent compartCell_L1_NGC-DA_HH_full_37.dend_3(1)
Notice: compartCell_L1_NGC-DA_HH_full_37.dend_6(0) had previously been connected to parent compartCell_L1_NGC-DA_HH_full_37.dend_2(1)
Notice: compartCell_L1_NGC-DA_HH_full_37.dend_7(0) had previously been connected to parent compartCell_L1_NGC-DA_HH_full_37.dend_6(1)
Notice: compartCell_L1_NGC-DA_HH_full_37.dend_8(0) had previously been connected to parent compartCell_L1_NGC-DA_HH_full_37.dend_6(1)
Notice: compartCell_L1_NGC-DA_HH_full_37.dend_9(0) had previously been connected to parent compartCell_L1_NGC-DA_HH_full_37.dend_8(1)
Notice: compartCell_L1_NGC-DA_HH_full_37.dend_10(0) had previously been connected to parent compartCell_L1_NGC-DA_HH_full_37.dend_8(1)
Notice: compartCell_L1_NGC-DA_HH_full_37.dend_11(0) had previously been connected to parent compartCell_L1_NGC-DA_HH_full_37.dend_1(1)
Notice: compartCell_L1_NGC-DA_HH_full_37.dend_12(0) had previously been connected to parent compartCell_L1_NGC-DA_HH_full_37.dend_11(1)
Notice: compartCell_L1_NGC-DA_HH_full_37.dend_13(0) had previously been connected to parent compartCell_L1_NGC-DA_HH_full_37.dend_11(1)
Notice: compartCell_L1_NGC-DA_HH_full_37.dend_14(0) had previously been connected to parent compartCell_L1_NGC-DA_HH_full_37.dend_0(1)
Notice: compartCell_L1_NGC-DA_HH_full_37.dend_15(0) had previously been connected to parent compartCell_L1_NGC-DA_HH_full_37.dend_14(1)
Notice: compartCell_L1_NGC-DA_HH_full_37.dend_16(0) had previously been connected to parent compartCell_L1_NGC-DA_HH_full_37.dend_14(1)
Notice: compartCell_L1_NGC-DA_HH_full_37.dend_17(0) had previously been connected to parent compartCell_L1_NGC-DA_HH_full_37.dend_16(1)
Notice: compartCell_L1_NGC-DA_HH_full_37.dend_18(0) had previously been connected to parent compartCell_L1_NGC-DA_HH_full_37.dend_17(1)
Notice: compartCell_L1_NGC-DA_HH_full_37.dend_19(0) had previously been connected to parent compartCell_L1_NGC-DA_HH_full_37.dend_18(1)
Notice: compartCell_L1_NGC-DA_HH_full_37.dend_20(0) had previously been connected to parent compartCell_L1_NGC-DA_HH_full_37.dend_18(1)
Notice: compartCell_L1_NGC-DA_HH_full_37.dend_21(0) had previously been connected to parent compartCell_L1_NGC-DA_HH_full_37.dend_17(1)
Notice: compartCell_L1_NGC-DA_HH_full_37.dend_22(0) had previously been connected to parent compartCell_L1_NGC-DA_HH_full_37.dend_16(1)
Notice: compartCell_L1_NGC-DA_HH_full_37.dend_23(0) had previously been connected to parent compartCell_L1_NGC-DA_HH_full_37.soma(0.5)
Notice: compartCell_L1_NGC-DA_HH_full_37.dend_24(0) had previously been connected to parent compartCell_L1_NGC-DA_HH_full_37.dend_23(1)
Notice: compartCell_L1_NGC-DA_HH_full_37.dend_25(0) had previously been connected to parent compartCell_L1_NGC-DA_HH_full_37.dend_23(1)
Notice: compartCell_L1_NGC-DA_HH_full_37.dend_26(0) had previously been connected to parent compartCell_L1_NGC-DA_HH_full_37.soma(0.5)
Notice: compartCell_L1_NGC-DA_HH_full_37.dend_27(0) had previously been connected to parent compartCell_L1_NGC-DA_HH_full_37.dend_26(1)
Notice: compartCell_L1_NGC-DA_HH_full_37.dend_28(0) had previously been connected to parent compartCell_L1_NGC-DA_HH_full_37.dend_26(1)
Notice: compartCell_L1_NGC-DA_HH_full_37.dend_29(0) had previously been connected to parent compartCell_L1_NGC-DA_HH_full_37.dend_28(1)
Notice: compartCell_L1_NGC-DA_HH_full_37.dend_30(0) had previously been connected to parent compartCell_L1_NGC-DA_HH_full_37.dend_28(1)
Notice: compartCell_L1_NGC-DA_HH_full_37.dend_31(0) had previously been connected to parent compartCell_L1_NGC-DA_HH_full_37.soma(0.5)
Notice: compartCell_L1_NGC-DA_HH_full_37.dend_32(0) had previously been connected to parent compartCell_L1_NGC-DA_HH_full_37.dend_31(1)
Notice: compartCell_L1_NGC-DA_HH_full_37.dend_33(0) had previously been connected to parent compartCell_L1_NGC-DA_HH_full_37.dend_31(1)
Notice: compartCell_L1_NGC-DA_HH_full_37.dend_34(0) had previously been connected to parent compartCell_L1_NGC-DA_HH_full_37.dend_33(1)
Notice: compartCell_L1_NGC-DA_HH_full_37.dend_35(0) had previously been connected to parent compartCell_L1_NGC-DA_HH_full_37.dend_33(1)
Notice: compartCell_L1_NGC-DA_HH_full_37.dend_36(0) had previously been connected to parent compartCell_L1_NGC-DA_HH_full_37.dend_35(1)
Notice: compartCell_L1_NGC-DA_HH_full_37.dend_37(0) had previously been connected to parent compartCell_L1_NGC-DA_HH_full_37.dend_35(1)
Notice: compartCell_L1_NGC-DA_HH_full_37.dend_38(0) had previously been connected to parent compartCell_L1_NGC-DA_HH_full_37.soma(0.5)
Notice: compartCell_L1_NGC-DA_HH_full_37.axon_0(0) had previously been connected to parent compartCell_L1_NGC-DA_HH_full_37.soma(1)
Notice: compartCell_L1_NGC-DA_HH_full_37.axon_1(0) had previously been connected to parent compartCell_L1_NGC-DA_HH_full_37.axon_0(1)
Notice: compartCell_L1_NGC-DA_HH_full_38.dend_0(0) had previously been connected to parent compartCell_L1_NGC-DA_HH_full_38.soma(0.5)
Notice: compartCell_L1_NGC-DA_HH_full_38.dend_1(0) had previously been connected to parent compartCell_L1_NGC-DA_HH_full_38.dend_0(1)
Notice: compartCell_L1_NGC-DA_HH_full_38.dend_2(0) had previously been connected to parent compartCell_L1_NGC-DA_HH_full_38.dend_1(1)
Notice: compartCell_L1_NGC-DA_HH_full_38.dend_3(0) had previously been connected to parent compartCell_L1_NGC-DA_HH_full_38.dend_1(1)
Notice: compartCell_L1_NGC-DA_HH_full_38.dend_4(0) had previously been connected to parent compartCell_L1_NGC-DA_HH_full_38.dend_1(1)
Notice: compartCell_L1_NGC-DA_HH_full_38.dend_5(0) had previously been connected to parent compartCell_L1_NGC-DA_HH_full_38.dend_0(1)
Notice: compartCell_L1_NGC-DA_HH_full_38.dend_6(0) had previously been connected to parent compartCell_L1_NGC-DA_HH_full_38.dend_5(1)
Notice: compartCell_L1_NGC-DA_HH_full_38.dend_7(0) had previously been connected to parent compartCell_L1_NGC-DA_HH_full_38.dend_6(1)
Notice: compartCell_L1_NGC-DA_HH_full_38.dend_8(0) had previously been connected to parent compartCell_L1_NGC-DA_HH_full_38.dend_6(1)
Notice: compartCell_L1_NGC-DA_HH_full_38.dend_9(0) had previously been connected to parent compartCell_L1_NGC-DA_HH_full_38.dend_5(1)
Notice: compartCell_L1_NGC-DA_HH_full_38.dend_10(0) had previously been connected to parent compartCell_L1_NGC-DA_HH_full_38.soma(0.5)
Notice: compartCell_L1_NGC-DA_HH_full_38.dend_11(0) had previously been connected to parent compartCell_L1_NGC-DA_HH_full_38.dend_10(1)
Notice: compartCell_L1_NGC-DA_HH_full_38.dend_12(0) had previously been connected to parent compartCell_L1_NGC-DA_HH_full_38.dend_11(1)
Notice: compartCell_L1_NGC-DA_HH_full_38.dend_13(0) had previously been connected to parent compartCell_L1_NGC-DA_HH_full_38.dend_12(1)
Notice: compartCell_L1_NGC-DA_HH_full_38.dend_14(0) had previously been connected to parent compartCell_L1_NGC-DA_HH_full_38.dend_12(1)
Notice: compartCell_L1_NGC-DA_HH_full_38.dend_15(0) had previously been connected to parent compartCell_L1_NGC-DA_HH_full_38.dend_11(1)
Notice: compartCell_L1_NGC-DA_HH_full_38.dend_16(0) had previously been connected to parent compartCell_L1_NGC-DA_HH_full_38.dend_15(1)
Notice: compartCell_L1_NGC-DA_HH_full_38.dend_17(0) had previously been connected to parent compartCell_L1_NGC-DA_HH_full_38.dend_15(1)
Notice: compartCell_L1_NGC-DA_HH_full_38.dend_18(0) had previously been connected to parent compartCell_L1_NGC-DA_HH_full_38.dend_10(1)
Notice: compartCell_L1_NGC-DA_HH_full_38.dend_19(0) had previously been connected to parent compartCell_L1_NGC-DA_HH_full_38.dend_18(1)
Notice: compartCell_L1_NGC-DA_HH_full_38.dend_20(0) had previously been connected to parent compartCell_L1_NGC-DA_HH_full_38.dend_18(1)
Notice: compartCell_L1_NGC-DA_HH_full_38.dend_21(0) had previously been connected to parent compartCell_L1_NGC-DA_HH_full_38.dend_20(1)
Notice: compartCell_L1_NGC-DA_HH_full_38.dend_22(0) had previously been connected to parent compartCell_L1_NGC-DA_HH_full_38.dend_20(1)
Notice: compartCell_L1_NGC-DA_HH_full_38.dend_23(0) had previously been connected to parent compartCell_L1_NGC-DA_HH_full_38.soma(0.5)
Notice: compartCell_L1_NGC-DA_HH_full_38.dend_24(0) had previously been connected to parent compartCell_L1_NGC-DA_HH_full_38.dend_23(1)
Notice: compartCell_L1_NGC-DA_HH_full_38.dend_25(0) had previously been connected to parent compartCell_L1_NGC-DA_HH_full_38.dend_24(1)
Notice: compartCell_L1_NGC-DA_HH_full_38.dend_26(0) had previously been connected to parent compartCell_L1_NGC-DA_HH_full_38.dend_24(1)
Notice: compartCell_L1_NGC-DA_HH_full_38.dend_27(0) had previously been connected to parent compartCell_L1_NGC-DA_HH_full_38.dend_26(1)
Notice: compartCell_L1_NGC-DA_HH_full_38.dend_28(0) had previously been connected to parent compartCell_L1_NGC-DA_HH_full_38.dend_27(1)
Notice: compartCell_L1_NGC-DA_HH_full_38.dend_29(0) had previously been connected to parent compartCell_L1_NGC-DA_HH_full_38.dend_28(1)
Notice: compartCell_L1_NGC-DA_HH_full_38.dend_30(0) had previously been connected to parent compartCell_L1_NGC-DA_HH_full_38.dend_28(1)
Notice: compartCell_L1_NGC-DA_HH_full_38.dend_31(0) had previously been connected to parent compartCell_L1_NGC-DA_HH_full_38.dend_27(1)
Notice: compartCell_L1_NGC-DA_HH_full_38.dend_32(0) had previously been connected to parent compartCell_L1_NGC-DA_HH_full_38.dend_26(1)
Notice: compartCell_L1_NGC-DA_HH_full_38.dend_33(0) had previously been connected to parent compartCell_L1_NGC-DA_HH_full_38.dend_32(1)
Notice: compartCell_L1_NGC-DA_HH_full_38.dend_34(0) had previously been connected to parent compartCell_L1_NGC-DA_HH_full_38.dend_33(1)
Notice: compartCell_L1_NGC-DA_HH_full_38.dend_35(0) had previously been connected to parent compartCell_L1_NGC-DA_HH_full_38.dend_33(1)
Notice: compartCell_L1_NGC-DA_HH_full_38.dend_36(0) had previously been connected to parent compartCell_L1_NGC-DA_HH_full_38.dend_32(1)
Notice: compartCell_L1_NGC-DA_HH_full_38.dend_37(0) had previously been connected to parent compartCell_L1_NGC-DA_HH_full_38.dend_36(1)
Notice: compartCell_L1_NGC-DA_HH_full_38.dend_38(0) had previously been connected to parent compartCell_L1_NGC-DA_HH_full_38.dend_36(1)
Notice: compartCell_L1_NGC-DA_HH_full_38.dend_39(0) had previously been connected to parent compartCell_L1_NGC-DA_HH_full_38.dend_32(1)
Notice: compartCell_L1_NGC-DA_HH_full_38.dend_40(0) had previously been connected to parent compartCell_L1_NGC-DA_HH_full_38.dend_23(1)
Notice: compartCell_L1_NGC-DA_HH_full_38.dend_41(0) had previously been connected to parent compartCell_L1_NGC-DA_HH_full_38.soma(0.5)
Notice: compartCell_L1_NGC-DA_HH_full_38.dend_42(0) had previously been connected to parent compartCell_L1_NGC-DA_HH_full_38.dend_41(1)
Notice: compartCell_L1_NGC-DA_HH_full_38.dend_43(0) had previously been connected to parent compartCell_L1_NGC-DA_HH_full_38.dend_42(1)
Notice: compartCell_L1_NGC-DA_HH_full_38.dend_44(0) had previously been connected to parent compartCell_L1_NGC-DA_HH_full_38.dend_42(1)
Notice: compartCell_L1_NGC-DA_HH_full_38.dend_45(0) had previously been connected to parent compartCell_L1_NGC-DA_HH_full_38.dend_41(1)
Notice: compartCell_L1_NGC-DA_HH_full_38.dend_46(0) had previously been connected to parent compartCell_L1_NGC-DA_HH_full_38.dend_45(1)
Notice: compartCell_L1_NGC-DA_HH_full_38.dend_47(0) had previously been connected to parent compartCell_L1_NGC-DA_HH_full_38.dend_46(1)
Notice: compartCell_L1_NGC-DA_HH_full_38.dend_48(0) had previously been connected to parent compartCell_L1_NGC-DA_HH_full_38.dend_47(1)
Notice: compartCell_L1_NGC-DA_HH_full_38.dend_49(0) had previously been connected to parent compartCell_L1_NGC-DA_HH_full_38.dend_47(1)
Notice: compartCell_L1_NGC-DA_HH_full_38.dend_50(0) had previously been connected to parent compartCell_L1_NGC-DA_HH_full_38.dend_49(1)
Notice: compartCell_L1_NGC-DA_HH_full_38.dend_51(0) had previously been connected to parent compartCell_L1_NGC-DA_HH_full_38.dend_49(1)
Notice: compartCell_L1_NGC-DA_HH_full_38.dend_52(0) had previously been connected to parent compartCell_L1_NGC-DA_HH_full_38.dend_46(1)
Notice: compartCell_L1_NGC-DA_HH_full_38.dend_53(0) had previously been connected to parent compartCell_L1_NGC-DA_HH_full_38.dend_45(1)
Notice: compartCell_L1_NGC-DA_HH_full_38.dend_54(0) had previously been connected to parent compartCell_L1_NGC-DA_HH_full_38.dend_53(1)
Notice: compartCell_L1_NGC-DA_HH_full_38.dend_55(0) had previously been connected to parent compartCell_L1_NGC-DA_HH_full_38.dend_53(1)
Notice: compartCell_L1_NGC-DA_HH_full_38.dend_56(0) had previously been connected to parent compartCell_L1_NGC-DA_HH_full_38.soma(0.5)
Notice: compartCell_L1_NGC-DA_HH_full_38.axon_0(0) had previously been connected to parent compartCell_L1_NGC-DA_HH_full_38.soma(1)
Notice: compartCell_L1_NGC-DA_HH_full_38.axon_1(0) had previously been connected to parent compartCell_L1_NGC-DA_HH_full_38.axon_0(1)
Notice: compartCell_L1_NGC-DA_HH_full_50.dend_0(0) had previously been connected to parent compartCell_L1_NGC-DA_HH_full_50.soma(0.5)
Notice: compartCell_L1_NGC-DA_HH_full_50.dend_1(0) had previously been connected to parent compartCell_L1_NGC-DA_HH_full_50.dend_0(1)
Notice: compartCell_L1_NGC-DA_HH_full_50.dend_2(0) had previously been connected to parent compartCell_L1_NGC-DA_HH_full_50.dend_0(1)
Notice: compartCell_L1_NGC-DA_HH_full_50.dend_3(0) had previously been connected to parent compartCell_L1_NGC-DA_HH_full_50.soma(0.5)
Notice: compartCell_L1_NGC-DA_HH_full_50.dend_4(0) had previously been connected to parent compartCell_L1_NGC-DA_HH_full_50.dend_3(1)
Notice: compartCell_L1_NGC-DA_HH_full_50.dend_5(0) had previously been connected to parent compartCell_L1_NGC-DA_HH_full_50.dend_3(1)
Notice: compartCell_L1_NGC-DA_HH_full_50.dend_6(0) had previously been connected to parent compartCell_L1_NGC-DA_HH_full_50.dend_5(1)
Notice: compartCell_L1_NGC-DA_HH_full_50.dend_7(0) had previously been connected to parent compartCell_L1_NGC-DA_HH_full_50.dend_5(1)
Notice: compartCell_L1_NGC-DA_HH_full_50.dend_8(0) had previously been connected to parent compartCell_L1_NGC-DA_HH_full_50.dend_7(1)
Notice: compartCell_L1_NGC-DA_HH_full_50.dend_9(0) had previously been connected to parent compartCell_L1_NGC-DA_HH_full_50.dend_7(1)
Notice: compartCell_L1_NGC-DA_HH_full_50.dend_10(0) had previously been connected to parent compartCell_L1_NGC-DA_HH_full_50.dend_9(1)
Notice: compartCell_L1_NGC-DA_HH_full_50.dend_11(0) had previously been connected to parent compartCell_L1_NGC-DA_HH_full_50.dend_9(1)
Notice: compartCell_L1_NGC-DA_HH_full_50.dend_12(0) had previously been connected to parent compartCell_L1_NGC-DA_HH_full_50.soma(0.5)
Notice: compartCell_L1_NGC-DA_HH_full_50.dend_13(0) had previously been connected to parent compartCell_L1_NGC-DA_HH_full_50.dend_12(1)
Notice: compartCell_L1_NGC-DA_HH_full_50.dend_14(0) had previously been connected to parent compartCell_L1_NGC-DA_HH_full_50.dend_13(1)
Notice: compartCell_L1_NGC-DA_HH_full_50.dend_15(0) had previously been connected to parent compartCell_L1_NGC-DA_HH_full_50.dend_13(1)
Notice: compartCell_L1_NGC-DA_HH_full_50.dend_16(0) had previously been connected to parent compartCell_L1_NGC-DA_HH_full_50.dend_15(1)
Notice: compartCell_L1_NGC-DA_HH_full_50.dend_17(0) had previously been connected to parent compartCell_L1_NGC-DA_HH_full_50.dend_16(1)
Notice: compartCell_L1_NGC-DA_HH_full_50.dend_18(0) had previously been connected to parent compartCell_L1_NGC-DA_HH_full_50.dend_16(1)
Notice: compartCell_L1_NGC-DA_HH_full_50.dend_19(0) had previously been connected to parent compartCell_L1_NGC-DA_HH_full_50.dend_15(1)
Notice: compartCell_L1_NGC-DA_HH_full_50.dend_20(0) had previously been connected to parent compartCell_L1_NGC-DA_HH_full_50.dend_19(1)
Notice: compartCell_L1_NGC-DA_HH_full_50.dend_21(0) had previously been connected to parent compartCell_L1_NGC-DA_HH_full_50.dend_19(1)
Notice: compartCell_L1_NGC-DA_HH_full_50.dend_22(0) had previously been connected to parent compartCell_L1_NGC-DA_HH_full_50.dend_12(1)
Notice: compartCell_L1_NGC-DA_HH_full_50.dend_23(0) had previously been connected to parent compartCell_L1_NGC-DA_HH_full_50.dend_22(1)
Notice: compartCell_L1_NGC-DA_HH_full_50.dend_24(0) had previously been connected to parent compartCell_L1_NGC-DA_HH_full_50.dend_23(1)
Notice: compartCell_L1_NGC-DA_HH_full_50.dend_25(0) had previously been connected to parent compartCell_L1_NGC-DA_HH_full_50.dend_23(1)
Notice: compartCell_L1_NGC-DA_HH_full_50.dend_26(0) had previously been connected to parent compartCell_L1_NGC-DA_HH_full_50.dend_25(1)
Notice: compartCell_L1_NGC-DA_HH_full_50.dend_27(0) had previously been connected to parent compartCell_L1_NGC-DA_HH_full_50.dend_26(1)
Notice: compartCell_L1_NGC-DA_HH_full_50.dend_28(0) had previously been connected to parent compartCell_L1_NGC-DA_HH_full_50.dend_27(1)
Notice: compartCell_L1_NGC-DA_HH_full_50.dend_29(0) had previously been connected to parent compartCell_L1_NGC-DA_HH_full_50.dend_27(1)
Notice: compartCell_L1_NGC-DA_HH_full_50.dend_30(0) had previously been connected to parent compartCell_L1_NGC-DA_HH_full_50.dend_26(1)
Notice: compartCell_L1_NGC-DA_HH_full_50.dend_31(0) had previously been connected to parent compartCell_L1_NGC-DA_HH_full_50.dend_25(1)
Notice: compartCell_L1_NGC-DA_HH_full_50.dend_32(0) had previously been connected to parent compartCell_L1_NGC-DA_HH_full_50.dend_22(1)
Notice: compartCell_L1_NGC-DA_HH_full_50.dend_33(0) had previously been connected to parent compartCell_L1_NGC-DA_HH_full_50.dend_32(1)
Notice: compartCell_L1_NGC-DA_HH_full_50.dend_34(0) had previously been connected to parent compartCell_L1_NGC-DA_HH_full_50.dend_32(1)
Notice: compartCell_L1_NGC-DA_HH_full_50.dend_35(0) had previously been connected to parent compartCell_L1_NGC-DA_HH_full_50.soma(0.5)
Notice: compartCell_L1_NGC-DA_HH_full_50.dend_36(0) had previously been connected to parent compartCell_L1_NGC-DA_HH_full_50.dend_35(1)
Notice: compartCell_L1_NGC-DA_HH_full_50.axon_0(0) had previously been connected to parent compartCell_L1_NGC-DA_HH_full_50.soma(1)
Notice: compartCell_L1_NGC-DA_HH_full_50.axon_1(0) had previously been connected to parent compartCell_L1_NGC-DA_HH_full_50.axon_0(1)
Notice: compartCell_L1_NGC-DA_HH_full_39.dend_0(0) had previously been connected to parent compartCell_L1_NGC-DA_HH_full_39.soma(0.5)
Notice: compartCell_L1_NGC-DA_HH_full_39.dend_1(0) had previously been connected to parent compartCell_L1_NGC-DA_HH_full_39.dend_0(1)
Notice: compartCell_L1_NGC-DA_HH_full_39.dend_2(0) had previously been connected to parent compartCell_L1_NGC-DA_HH_full_39.dend_1(1)
Notice: compartCell_L1_NGC-DA_HH_full_39.dend_3(0) had previously been connected to parent compartCell_L1_NGC-DA_HH_full_39.dend_1(1)
Notice: compartCell_L1_NGC-DA_HH_full_39.dend_4(0) had previously been connected to parent compartCell_L1_NGC-DA_HH_full_39.dend_0(1)
Notice: compartCell_L1_NGC-DA_HH_full_39.dend_5(0) had previously been connected to parent compartCell_L1_NGC-DA_HH_full_39.dend_4(1)
Notice: compartCell_L1_NGC-DA_HH_full_39.dend_6(0) had previously been connected to parent compartCell_L1_NGC-DA_HH_full_39.dend_4(1)
Notice: compartCell_L1_NGC-DA_HH_full_39.dend_7(0) had previously been connected to parent compartCell_L1_NGC-DA_HH_full_39.soma(0.5)
Notice: compartCell_L1_NGC-DA_HH_full_39.dend_8(0) had previously been connected to parent compartCell_L1_NGC-DA_HH_full_39.dend_7(1)
Notice: compartCell_L1_NGC-DA_HH_full_39.dend_9(0) had previously been connected to parent compartCell_L1_NGC-DA_HH_full_39.dend_8(1)
Notice: compartCell_L1_NGC-DA_HH_full_39.dend_10(0) had previously been connected to parent compartCell_L1_NGC-DA_HH_full_39.dend_9(1)
Notice: compartCell_L1_NGC-DA_HH_full_39.dend_11(0) had previously been connected to parent compartCell_L1_NGC-DA_HH_full_39.dend_10(1)
Notice: compartCell_L1_NGC-DA_HH_full_39.dend_12(0) had previously been connected to parent compartCell_L1_NGC-DA_HH_full_39.dend_11(1)
Notice: compartCell_L1_NGC-DA_HH_full_39.dend_13(0) had previously been connected to parent compartCell_L1_NGC-DA_HH_full_39.dend_12(1)
Notice: compartCell_L1_NGC-DA_HH_full_39.dend_14(0) had previously been connected to parent compartCell_L1_NGC-DA_HH_full_39.dend_12(1)
Notice: compartCell_L1_NGC-DA_HH_full_39.dend_15(0) had previously been connected to parent compartCell_L1_NGC-DA_HH_full_39.dend_11(1)
Notice: compartCell_L1_NGC-DA_HH_full_39.dend_16(0) had previously been connected to parent compartCell_L1_NGC-DA_HH_full_39.dend_15(1)
Notice: compartCell_L1_NGC-DA_HH_full_39.dend_17(0) had previously been connected to parent compartCell_L1_NGC-DA_HH_full_39.dend_15(1)
Notice: compartCell_L1_NGC-DA_HH_full_39.dend_18(0) had previously been connected to parent compartCell_L1_NGC-DA_HH_full_39.dend_10(1)
Notice: compartCell_L1_NGC-DA_HH_full_39.dend_19(0) had previously been connected to parent compartCell_L1_NGC-DA_HH_full_39.dend_18(1)
Notice: compartCell_L1_NGC-DA_HH_full_39.dend_20(0) had previously been connected to parent compartCell_L1_NGC-DA_HH_full_39.dend_19(1)
Notice: compartCell_L1_NGC-DA_HH_full_39.dend_21(0) had previously been connected to parent compartCell_L1_NGC-DA_HH_full_39.dend_20(1)
Notice: compartCell_L1_NGC-DA_HH_full_39.dend_22(0) had previously been connected to parent compartCell_L1_NGC-DA_HH_full_39.dend_21(1)
Notice: compartCell_L1_NGC-DA_HH_full_39.dend_23(0) had previously been connected to parent compartCell_L1_NGC-DA_HH_full_39.dend_21(1)
Notice: compartCell_L1_NGC-DA_HH_full_39.dend_24(0) had previously been connected to parent compartCell_L1_NGC-DA_HH_full_39.dend_20(1)
Notice: compartCell_L1_NGC-DA_HH_full_39.dend_25(0) had previously been connected to parent compartCell_L1_NGC-DA_HH_full_39.dend_19(1)
Notice: compartCell_L1_NGC-DA_HH_full_39.dend_26(0) had previously been connected to parent compartCell_L1_NGC-DA_HH_full_39.dend_18(1)
Notice: compartCell_L1_NGC-DA_HH_full_39.dend_27(0) had previously been connected to parent compartCell_L1_NGC-DA_HH_full_39.dend_9(1)
Notice: compartCell_L1_NGC-DA_HH_full_39.dend_28(0) had previously been connected to parent compartCell_L1_NGC-DA_HH_full_39.dend_27(1)
Notice: compartCell_L1_NGC-DA_HH_full_39.dend_29(0) had previously been connected to parent compartCell_L1_NGC-DA_HH_full_39.dend_28(1)
Notice: compartCell_L1_NGC-DA_HH_full_39.dend_30(0) had previously been connected to parent compartCell_L1_NGC-DA_HH_full_39.dend_29(1)
Notice: compartCell_L1_NGC-DA_HH_full_39.dend_31(0) had previously been connected to parent compartCell_L1_NGC-DA_HH_full_39.dend_30(1)
Notice: compartCell_L1_NGC-DA_HH_full_39.dend_32(0) had previously been connected to parent compartCell_L1_NGC-DA_HH_full_39.dend_30(1)
Notice: compartCell_L1_NGC-DA_HH_full_39.dend_33(0) had previously been connected to parent compartCell_L1_NGC-DA_HH_full_39.dend_29(1)
Notice: compartCell_L1_NGC-DA_HH_full_39.dend_34(0) had previously been connected to parent compartCell_L1_NGC-DA_HH_full_39.dend_28(1)
Notice: compartCell_L1_NGC-DA_HH_full_39.dend_35(0) had previously been connected to parent compartCell_L1_NGC-DA_HH_full_39.dend_34(1)
Notice: compartCell_L1_NGC-DA_HH_full_39.dend_36(0) had previously been connected to parent compartCell_L1_NGC-DA_HH_full_39.dend_34(1)
Notice: compartCell_L1_NGC-DA_HH_full_39.dend_37(0) had previously been connected to parent compartCell_L1_NGC-DA_HH_full_39.dend_27(1)
Notice: compartCell_L1_NGC-DA_HH_full_39.dend_38(0) had previously been connected to parent compartCell_L1_NGC-DA_HH_full_39.dend_37(1)
Notice: compartCell_L1_NGC-DA_HH_full_39.dend_39(0) had previously been connected to parent compartCell_L1_NGC-DA_HH_full_39.dend_37(1)
Notice: compartCell_L1_NGC-DA_HH_full_39.dend_40(0) had previously been connected to parent compartCell_L1_NGC-DA_HH_full_39.dend_8(1)
Notice: compartCell_L1_NGC-DA_HH_full_39.dend_41(0) had previously been connected to parent compartCell_L1_NGC-DA_HH_full_39.dend_40(1)
Notice: compartCell_L1_NGC-DA_HH_full_39.dend_42(0) had previously been connected to parent compartCell_L1_NGC-DA_HH_full_39.dend_41(1)
Notice: compartCell_L1_NGC-DA_HH_full_39.dend_43(0) had previously been connected to parent compartCell_L1_NGC-DA_HH_full_39.dend_42(1)
Notice: compartCell_L1_NGC-DA_HH_full_39.dend_44(0) had previously been connected to parent compartCell_L1_NGC-DA_HH_full_39.dend_43(1)
Notice: compartCell_L1_NGC-DA_HH_full_39.dend_45(0) had previously been connected to parent compartCell_L1_NGC-DA_HH_full_39.dend_43(1)
Notice: compartCell_L1_NGC-DA_HH_full_39.dend_46(0) had previously been connected to parent compartCell_L1_NGC-DA_HH_full_39.dend_42(1)
Notice: compartCell_L1_NGC-DA_HH_full_39.dend_47(0) had previously been connected to parent compartCell_L1_NGC-DA_HH_full_39.dend_41(1)
Notice: compartCell_L1_NGC-DA_HH_full_39.dend_48(0) had previously been connected to parent compartCell_L1_NGC-DA_HH_full_39.dend_40(1)
Notice: compartCell_L1_NGC-DA_HH_full_39.dend_49(0) had previously been connected to parent compartCell_L1_NGC-DA_HH_full_39.dend_48(1)
Notice: compartCell_L1_NGC-DA_HH_full_39.dend_50(0) had previously been connected to parent compartCell_L1_NGC-DA_HH_full_39.dend_49(1)
Notice: compartCell_L1_NGC-DA_HH_full_39.dend_51(0) had previously been connected to parent compartCell_L1_NGC-DA_HH_full_39.dend_49(1)
Notice: compartCell_L1_NGC-DA_HH_full_39.dend_52(0) had previously been connected to parent compartCell_L1_NGC-DA_HH_full_39.dend_48(1)
Notice: compartCell_L1_NGC-DA_HH_full_39.dend_53(0) had previously been connected to parent compartCell_L1_NGC-DA_HH_full_39.dend_52(1)
Notice: compartCell_L1_NGC-DA_HH_full_39.dend_54(0) had previously been connected to parent compartCell_L1_NGC-DA_HH_full_39.dend_53(1)
Notice: compartCell_L1_NGC-DA_HH_full_39.dend_55(0) had previously been connected to parent compartCell_L1_NGC-DA_HH_full_39.dend_53(1)
Notice: compartCell_L1_NGC-DA_HH_full_39.dend_56(0) had previously been connected to parent compartCell_L1_NGC-DA_HH_full_39.dend_52(1)
Notice: compartCell_L1_NGC-DA_HH_full_39.dend_57(0) had previously been connected to parent compartCell_L1_NGC-DA_HH_full_39.dend_7(1)
Notice: compartCell_L1_NGC-DA_HH_full_39.dend_58(0) had previously been connected to parent compartCell_L1_NGC-DA_HH_full_39.dend_57(1)
Notice: compartCell_L1_NGC-DA_HH_full_39.dend_59(0) had previously been connected to parent compartCell_L1_NGC-DA_HH_full_39.dend_58(1)
Notice: compartCell_L1_NGC-DA_HH_full_39.dend_60(0) had previously been connected to parent compartCell_L1_NGC-DA_HH_full_39.dend_59(1)
Notice: compartCell_L1_NGC-DA_HH_full_39.dend_61(0) had previously been connected to parent compartCell_L1_NGC-DA_HH_full_39.dend_59(1)
Notice: compartCell_L1_NGC-DA_HH_full_39.dend_62(0) had previously been connected to parent compartCell_L1_NGC-DA_HH_full_39.dend_61(1)
Notice: compartCell_L1_NGC-DA_HH_full_39.dend_63(0) had previously been connected to parent compartCell_L1_NGC-DA_HH_full_39.dend_61(1)
Notice: compartCell_L1_NGC-DA_HH_full_39.dend_64(0) had previously been connected to parent compartCell_L1_NGC-DA_HH_full_39.dend_63(1)
Notice: compartCell_L1_NGC-DA_HH_full_39.dend_65(0) had previously been connected to parent compartCell_L1_NGC-DA_HH_full_39.dend_64(1)
Notice: compartCell_L1_NGC-DA_HH_full_39.dend_66(0) had previously been connected to parent compartCell_L1_NGC-DA_HH_full_39.dend_64(1)
Notice: compartCell_L1_NGC-DA_HH_full_39.dend_67(0) had previously been connected to parent compartCell_L1_NGC-DA_HH_full_39.dend_63(1)
Notice: compartCell_L1_NGC-DA_HH_full_39.dend_68(0) had previously been connected to parent compartCell_L1_NGC-DA_HH_full_39.dend_67(1)
Notice: compartCell_L1_NGC-DA_HH_full_39.dend_69(0) had previously been connected to parent compartCell_L1_NGC-DA_HH_full_39.dend_67(1)
Notice: compartCell_L1_NGC-DA_HH_full_39.dend_70(0) had previously been connected to parent compartCell_L1_NGC-DA_HH_full_39.dend_69(1)
Notice: compartCell_L1_NGC-DA_HH_full_39.dend_71(0) had previously been connected to parent compartCell_L1_NGC-DA_HH_full_39.dend_69(1)
Notice: compartCell_L1_NGC-DA_HH_full_39.dend_72(0) had previously been connected to parent compartCell_L1_NGC-DA_HH_full_39.dend_58(1)
Notice: compartCell_L1_NGC-DA_HH_full_39.dend_73(0) had previously been connected to parent compartCell_L1_NGC-DA_HH_full_39.dend_72(1)
Notice: compartCell_L1_NGC-DA_HH_full_39.dend_74(0) had previously been connected to parent compartCell_L1_NGC-DA_HH_full_39.dend_72(1)
Notice: compartCell_L1_NGC-DA_HH_full_39.dend_75(0) had previously been connected to parent compartCell_L1_NGC-DA_HH_full_39.dend_74(1)
Notice: compartCell_L1_NGC-DA_HH_full_39.dend_76(0) had previously been connected to parent compartCell_L1_NGC-DA_HH_full_39.dend_74(1)
Notice: compartCell_L1_NGC-DA_HH_full_39.dend_77(0) had previously been connected to parent compartCell_L1_NGC-DA_HH_full_39.dend_57(1)
Notice: compartCell_L1_NGC-DA_HH_full_39.dend_78(0) had previously been connected to parent compartCell_L1_NGC-DA_HH_full_39.soma(0.5)
Notice: compartCell_L1_NGC-DA_HH_full_39.dend_79(0) had previously been connected to parent compartCell_L1_NGC-DA_HH_full_39.soma(0.5)
Notice: compartCell_L1_NGC-DA_HH_full_39.dend_80(0) had previously been connected to parent compartCell_L1_NGC-DA_HH_full_39.dend_79(1)
Notice: compartCell_L1_NGC-DA_HH_full_39.dend_81(0) had previously been connected to parent compartCell_L1_NGC-DA_HH_full_39.dend_80(1)
Notice: compartCell_L1_NGC-DA_HH_full_39.dend_82(0) had previously been connected to parent compartCell_L1_NGC-DA_HH_full_39.dend_80(1)
Notice: compartCell_L1_NGC-DA_HH_full_39.dend_83(0) had previously been connected to parent compartCell_L1_NGC-DA_HH_full_39.dend_82(1)
Notice: compartCell_L1_NGC-DA_HH_full_39.dend_84(0) had previously been connected to parent compartCell_L1_NGC-DA_HH_full_39.dend_82(1)
Notice: compartCell_L1_NGC-DA_HH_full_39.dend_85(0) had previously been connected to parent compartCell_L1_NGC-DA_HH_full_39.dend_79(1)
Notice: compartCell_L1_NGC-DA_HH_full_39.dend_86(0) had previously been connected to parent compartCell_L1_NGC-DA_HH_full_39.dend_85(1)
Notice: compartCell_L1_NGC-DA_HH_full_39.dend_87(0) had previously been connected to parent compartCell_L1_NGC-DA_HH_full_39.dend_86(1)
Notice: compartCell_L1_NGC-DA_HH_full_39.dend_88(0) had previously been connected to parent compartCell_L1_NGC-DA_HH_full_39.dend_87(1)
Notice: compartCell_L1_NGC-DA_HH_full_39.dend_89(0) had previously been connected to parent compartCell_L1_NGC-DA_HH_full_39.dend_88(1)
Notice: compartCell_L1_NGC-DA_HH_full_39.dend_90(0) had previously been connected to parent compartCell_L1_NGC-DA_HH_full_39.dend_88(1)
Notice: compartCell_L1_NGC-DA_HH_full_39.dend_91(0) had previously been connected to parent compartCell_L1_NGC-DA_HH_full_39.dend_87(1)
Notice: compartCell_L1_NGC-DA_HH_full_39.dend_92(0) had previously been connected to parent compartCell_L1_NGC-DA_HH_full_39.dend_86(1)
Notice: compartCell_L1_NGC-DA_HH_full_39.dend_93(0) had previously been connected to parent compartCell_L1_NGC-DA_HH_full_39.dend_92(1)
Notice: compartCell_L1_NGC-DA_HH_full_39.dend_94(0) had previously been connected to parent compartCell_L1_NGC-DA_HH_full_39.dend_93(1)
Notice: compartCell_L1_NGC-DA_HH_full_39.dend_95(0) had previously been connected to parent compartCell_L1_NGC-DA_HH_full_39.dend_94(1)
Notice: compartCell_L1_NGC-DA_HH_full_39.dend_96(0) had previously been connected to parent compartCell_L1_NGC-DA_HH_full_39.dend_95(1)
Notice: compartCell_L1_NGC-DA_HH_full_39.dend_97(0) had previously been connected to parent compartCell_L1_NGC-DA_HH_full_39.dend_96(1)
Notice: compartCell_L1_NGC-DA_HH_full_39.dend_98(0) had previously been connected to parent compartCell_L1_NGC-DA_HH_full_39.dend_96(1)
Notice: compartCell_L1_NGC-DA_HH_full_39.dend_99(0) had previously been connected to parent compartCell_L1_NGC-DA_HH_full_39.dend_95(1)
Notice: compartCell_L1_NGC-DA_HH_full_39.dend_100(0) had previously been connected to parent compartCell_L1_NGC-DA_HH_full_39.dend_94(1)
Notice: compartCell_L1_NGC-DA_HH_full_39.dend_101(0) had previously been connected to parent compartCell_L1_NGC-DA_HH_full_39.dend_100(1)
Notice: compartCell_L1_NGC-DA_HH_full_39.dend_102(0) had previously been connected to parent compartCell_L1_NGC-DA_HH_full_39.dend_100(1)
Notice: compartCell_L1_NGC-DA_HH_full_39.dend_103(0) had previously been connected to parent compartCell_L1_NGC-DA_HH_full_39.dend_93(1)
Notice: compartCell_L1_NGC-DA_HH_full_39.dend_104(0) had previously been connected to parent compartCell_L1_NGC-DA_HH_full_39.dend_92(1)
Notice: compartCell_L1_NGC-DA_HH_full_39.dend_105(0) had previously been connected to parent compartCell_L1_NGC-DA_HH_full_39.dend_85(1)
Notice: compartCell_L1_NGC-DA_HH_full_39.axon_0(0) had previously been connected to parent compartCell_L1_NGC-DA_HH_full_39.soma(1)
Notice: compartCell_L1_NGC-DA_HH_full_39.axon_1(0) had previously been connected to parent compartCell_L1_NGC-DA_HH_full_39.axon_0(1)
Notice: compartCell_L23_LBC_HH_full_203.dend_0(0) had previously been connected to parent compartCell_L23_LBC_HH_full_203.soma(0.5)
Notice: compartCell_L23_LBC_HH_full_203.dend_1(0) had previously been connected to parent compartCell_L23_LBC_HH_full_203.dend_0(1)
Notice: compartCell_L23_LBC_HH_full_203.dend_2(0) had previously been connected to parent compartCell_L23_LBC_HH_full_203.dend_1(1)
Notice: compartCell_L23_LBC_HH_full_203.dend_3(0) had previously been connected to parent compartCell_L23_LBC_HH_full_203.dend_2(1)
Notice: compartCell_L23_LBC_HH_full_203.dend_4(0) had previously been connected to parent compartCell_L23_LBC_HH_full_203.dend_2(1)
Notice: compartCell_L23_LBC_HH_full_203.dend_5(0) had previously been connected to parent compartCell_L23_LBC_HH_full_203.dend_1(1)
Notice: compartCell_L23_LBC_HH_full_203.dend_6(0) had previously been connected to parent compartCell_L23_LBC_HH_full_203.dend_0(1)
Notice: compartCell_L23_LBC_HH_full_203.dend_7(0) had previously been connected to parent compartCell_L23_LBC_HH_full_203.dend_6(1)
Notice: compartCell_L23_LBC_HH_full_203.dend_8(0) had previously been connected to parent compartCell_L23_LBC_HH_full_203.dend_7(1)
Notice: compartCell_L23_LBC_HH_full_203.dend_9(0) had previously been connected to parent compartCell_L23_LBC_HH_full_203.dend_7(1)
Notice: compartCell_L23_LBC_HH_full_203.dend_10(0) had previously been connected to parent compartCell_L23_LBC_HH_full_203.dend_6(1)
Notice: compartCell_L23_LBC_HH_full_203.dend_11(0) had previously been connected to parent compartCell_L23_LBC_HH_full_203.dend_10(1)
Notice: compartCell_L23_LBC_HH_full_203.dend_12(0) had previously been connected to parent compartCell_L23_LBC_HH_full_203.dend_10(1)
Notice: compartCell_L23_LBC_HH_full_203.dend_13(0) had previously been connected to parent compartCell_L23_LBC_HH_full_203.soma(0.5)
Notice: compartCell_L23_LBC_HH_full_203.dend_14(0) had previously been connected to parent compartCell_L23_LBC_HH_full_203.dend_13(1)
Notice: compartCell_L23_LBC_HH_full_203.dend_15(0) had previously been connected to parent compartCell_L23_LBC_HH_full_203.dend_14(1)
Notice: compartCell_L23_LBC_HH_full_203.dend_16(0) had previously been connected to parent compartCell_L23_LBC_HH_full_203.dend_15(1)
Notice: compartCell_L23_LBC_HH_full_203.dend_17(0) had previously been connected to parent compartCell_L23_LBC_HH_full_203.dend_16(1)
Notice: compartCell_L23_LBC_HH_full_203.dend_18(0) had previously been connected to parent compartCell_L23_LBC_HH_full_203.dend_16(1)
Notice: compartCell_L23_LBC_HH_full_203.dend_19(0) had previously been connected to parent compartCell_L23_LBC_HH_full_203.dend_15(1)
Notice: compartCell_L23_LBC_HH_full_203.dend_20(0) had previously been connected to parent compartCell_L23_LBC_HH_full_203.dend_14(1)
Notice: compartCell_L23_LBC_HH_full_203.dend_21(0) had previously been connected to parent compartCell_L23_LBC_HH_full_203.dend_20(1)
Notice: compartCell_L23_LBC_HH_full_203.dend_22(0) had previously been connected to parent compartCell_L23_LBC_HH_full_203.dend_20(1)
Notice: compartCell_L23_LBC_HH_full_203.dend_23(0) had previously been connected to parent compartCell_L23_LBC_HH_full_203.dend_13(1)
Notice: compartCell_L23_LBC_HH_full_203.dend_24(0) had previously been connected to parent compartCell_L23_LBC_HH_full_203.soma(0.5)
Notice: compartCell_L23_LBC_HH_full_203.dend_25(0) had previously been connected to parent compartCell_L23_LBC_HH_full_203.dend_24(1)
Notice: compartCell_L23_LBC_HH_full_203.dend_26(0) had previously been connected to parent compartCell_L23_LBC_HH_full_203.dend_25(1)
Notice: compartCell_L23_LBC_HH_full_203.dend_27(0) had previously been connected to parent compartCell_L23_LBC_HH_full_203.dend_25(1)
Notice: compartCell_L23_LBC_HH_full_203.dend_28(0) had previously been connected to parent compartCell_L23_LBC_HH_full_203.dend_24(1)
Notice: compartCell_L23_LBC_HH_full_203.axon_0(0) had previously been connected to parent compartCell_L23_LBC_HH_full_203.soma(1)
Notice: compartCell_L23_LBC_HH_full_203.axon_1(0) had previously been connected to parent compartCell_L23_LBC_HH_full_203.axon_0(1)
>>> >>> >>> >>> >>> >>> >>> 






>>> 